#
# There is insufficient memory for the Java Runtime Environment to continue.
# Native memory allocation (malloc) failed to allocate 984096 bytes for Chunk::new
# Possible reasons:
#   The system is out of physical RAM or swap space
#   The process is running with CompressedOops enabled, and the Java Heap may be blocking the growth of the native heap
# Possible solutions:
#   Reduce memory load on the system
#   Increase physical memory or swap space
#   Check if swap backing store is full
#   Decrease Java heap size (-Xmx/-Xms)
#   Decrease number of Java threads
#   Decrease Java thread stack sizes (-Xss)
#   Set larger code cache with -XX:ReservedCodeCacheSize=
#   JVM is running with Unscaled Compressed Oops mode in which the Java heap is
#     placed in the first 4GB address space. The Java Heap base address is the
#     maximum limit for the native heap growth. Please use -XX:HeapBaseMinAddress
#     to set the Java Heap base and to place the Java Heap above 4GB virtual address.
# This output file may be truncated or incomplete.
#
#  Out of Memory Error (arena.cpp:189), pid=8680, tid=14612
#
# JRE version: OpenJDK Runtime Environment Temurin-17.0.1+12 (17.0.1+12) (build 17.0.1+12)
# Java VM: OpenJDK 64-Bit Server VM Temurin-17.0.1+12 (17.0.1+12, mixed mode, tiered, compressed oops, compressed class ptrs, g1 gc, windows-amd64)
# No core dump will be written. Minidumps are not enabled by default on client versions of Windows
#

---------------  S U M M A R Y ------------

Command Line: -ea -Dfile.encoding=UTF-8 -XX:+ShowCodeDetailsInExceptionMessages org.eclipse.jdt.internal.junit.runner.RemoteTestRunner -version 3 -port 57807 -testLoaderClass org.eclipse.jdt.internal.junit5.runner.JUnit5TestLoader -loaderpluginname org.eclipse.jdt.junit5.runtime -classNames org.projet.service.BookServiceTest

Host: Intel(R) Celeron(R) N4100 CPU @ 1.10GHz, 4 cores, 3G,  Windows 10 , 64 bit Build 19041 (10.0.19041.1503)
Time: Thu Mar 24 16:19:28 2022 Paris, Madrid elapsed time: 86.342253 seconds (0d 0h 1m 26s)

---------------  T H R E A D  ---------------

Current thread (0x000001e9ffa76fa0):  JavaThread "C2 CompilerThread0" daemon [_thread_in_native, id=14612, stack(0x0000002862c00000,0x0000002862d00000)]


Current CompileTask:
C2:  86343 7181   !   4       com.sun.beans.TypeResolver::resolve (261 bytes)

Stack: [0x0000002862c00000,0x0000002862d00000]
Native frames: (J=compiled Java code, j=interpreted, Vv=VM code, C=native code)
V  [jvm.dll+0x6744da]
V  [jvm.dll+0x82e144]
V  [jvm.dll+0x82f8ee]
V  [jvm.dll+0x82ff53]
V  [jvm.dll+0x245175]
V  [jvm.dll+0xab85b]
V  [jvm.dll+0xabdec]
V  [jvm.dll+0x2abf6f]
V  [jvm.dll+0x57b849]
V  [jvm.dll+0x22022d]
V  [jvm.dll+0x2199e1]
V  [jvm.dll+0x217345]
V  [jvm.dll+0x1a355d]
V  [jvm.dll+0x226e38]
V  [jvm.dll+0x224f7c]
V  [jvm.dll+0x7e3f5b]
V  [jvm.dll+0x7de51a]
V  [jvm.dll+0x673305]
C  [ucrtbase.dll+0x21bb2]
C  [KERNEL32.DLL+0x17034]
C  [ntdll.dll+0x52651]


---------------  P R O C E S S  ---------------

Threads class SMR info:
_java_thread_list=0x000001e9a1e6f290, length=14, elements={
0x000001e9fcfa28f0, 0x000001e9ffa28130, 0x000001e9ffa2a710, 0x000001e9ffa42160,
0x000001e9ffa42b10, 0x000001e9ffa434c0, 0x000001e9ffa43e70, 0x000001e9ffa76fa0,
0x000001e9ffadd420, 0x000001e9ffade0d0, 0x000001e997122a80, 0x000001e997145e10,
0x000001e997753040, 0x000001e99cd7f520
}

Java Threads: ( => current thread )
  0x000001e9fcfa28f0 JavaThread "main" [_thread_in_native, id=14416, stack(0x0000002861f00000,0x0000002862000000)]
  0x000001e9ffa28130 JavaThread "Reference Handler" daemon [_thread_blocked, id=14848, stack(0x0000002862600000,0x0000002862700000)]
  0x000001e9ffa2a710 JavaThread "Finalizer" daemon [_thread_blocked, id=9724, stack(0x0000002862700000,0x0000002862800000)]
  0x000001e9ffa42160 JavaThread "Signal Dispatcher" daemon [_thread_blocked, id=14052, stack(0x0000002862800000,0x0000002862900000)]
  0x000001e9ffa42b10 JavaThread "Attach Listener" daemon [_thread_blocked, id=13732, stack(0x0000002862900000,0x0000002862a00000)]
  0x000001e9ffa434c0 JavaThread "Service Thread" daemon [_thread_blocked, id=12516, stack(0x0000002862a00000,0x0000002862b00000)]
  0x000001e9ffa43e70 JavaThread "Monitor Deflation Thread" daemon [_thread_blocked, id=11576, stack(0x0000002862b00000,0x0000002862c00000)]
=>0x000001e9ffa76fa0 JavaThread "C2 CompilerThread0" daemon [_thread_in_native, id=14612, stack(0x0000002862c00000,0x0000002862d00000)]
  0x000001e9ffadd420 JavaThread "C1 CompilerThread0" daemon [_thread_blocked, id=1900, stack(0x0000002862d00000,0x0000002862e00000)]
  0x000001e9ffade0d0 JavaThread "Sweeper thread" daemon [_thread_blocked, id=9608, stack(0x0000002862e00000,0x0000002862f00000)]
  0x000001e997122a80 JavaThread "Notification Thread" daemon [_thread_blocked, id=9840, stack(0x0000002862f00000,0x0000002863000000)]
  0x000001e997145e10 JavaThread "Common-Cleaner" daemon [_thread_blocked, id=14200, stack(0x0000002863100000,0x0000002863200000)]
  0x000001e997753040 JavaThread "ReaderThread" [_thread_in_native, id=14144, stack(0x0000002863200000,0x0000002863300000)]
  0x000001e99cd7f520 JavaThread "HikariPool-1 housekeeper" daemon [_thread_blocked, id=8748, stack(0x0000002863700000,0x0000002863800000)]

Other Threads:
  0x000001e9fd06e830 VMThread "VM Thread" [stack: 0x0000002862500000,0x0000002862600000] [id=14684]
  0x000001e997122f50 WatcherThread [stack: 0x0000002863000000,0x0000002863100000] [id=1344]
  0x000001e9fcfd1460 GCTaskThread "GC Thread#0" [stack: 0x0000002862000000,0x0000002862100000] [id=1880]
  0x000001e99b24c270 GCTaskThread "GC Thread#1" [stack: 0x0000002863300000,0x0000002863400000] [id=13852]
  0x000001e99b24c520 GCTaskThread "GC Thread#2" [stack: 0x0000002863400000,0x0000002863500000] [id=14316]
  0x000001e99b24c7d0 GCTaskThread "GC Thread#3" [stack: 0x0000002863500000,0x0000002863600000] [id=13364]
  0x000001e9fcfdb270 ConcurrentGCThread "G1 Main Marker" [stack: 0x0000002862100000,0x0000002862200000] [id=10520]
  0x000001e9fcfdc420 ConcurrentGCThread "G1 Conc#0" [stack: 0x0000002862200000,0x0000002862300000] [id=9988]
  0x000001e9fd01a050 ConcurrentGCThread "G1 Refine#0" [stack: 0x0000002862300000,0x0000002862400000] [id=12576]
  0x000001e99d4a5b10 ConcurrentGCThread "G1 Refine#1" [stack: 0x0000002861c00000,0x0000002861d00000] [id=14688]
  0x000001e9fd01aa70 ConcurrentGCThread "G1 Service" [stack: 0x0000002862400000,0x0000002862500000] [id=10588]

Threads with active compile tasks:
C2 CompilerThread0    86464 7181   !   4       com.sun.beans.TypeResolver::resolve (261 bytes)

VM state: not at safepoint (normal execution)

VM Mutex/Monitor currently owned by a thread: None

Heap address: 0x00000000c2a00000, size: 982 MB, Compressed Oops mode: 32-bit

CDS archive(s) not mapped
Compressed class space mapped at: 0x0000000100000000-0x0000000140000000, reserved size: 1073741824
Narrow klass base: 0x0000000000000000, Narrow klass shift: 3, Narrow klass range: 0x140000000

GC Precious Log:
 CPUs: 4 total, 4 available
 Memory: 3920M
 Large Page Support: Disabled
 NUMA Support: Disabled
 Compressed Oops: Enabled (32-bit)
 Heap Region Size: 1M
 Heap Min Capacity: 8M
 Heap Initial Capacity: 62M
 Heap Max Capacity: 982M
 Pre-touch: Disabled
 Parallel Workers: 4
 Concurrent Workers: 1
 Concurrent Refinement Workers: 4
 Periodic GC: Disabled

Heap:
 garbage-first heap   total 174080K, used 110005K [0x00000000c2a00000, 0x0000000100000000)
  region size 1024K, 55 young (56320K), 9 survivors (9216K)
 Metaspace       used 73409K, committed 73792K, reserved 1114112K
  class space    used 9632K, committed 9792K, reserved 1048576K

Heap Regions: E=young(eden), S=young(survivor), O=old, HS=humongous(starts), HC=humongous(continues), CS=collection set, F=free, OA=open archive, CA=closed archive, TAMS=top-at-mark-start (previous, next)
|   0|0x00000000c2a00000, 0x00000000c2b00000, 0x00000000c2b00000|100%|HS|  |TAMS 0x00000000c2b00000, 0x00000000c2a00000| Complete 
|   1|0x00000000c2b00000, 0x00000000c2c00000, 0x00000000c2c00000|100%| O|  |TAMS 0x00000000c2c00000, 0x00000000c2b00000| Untracked 
|   2|0x00000000c2c00000, 0x00000000c2d00000, 0x00000000c2d00000|100%| O|  |TAMS 0x00000000c2d00000, 0x00000000c2c00000| Untracked 
|   3|0x00000000c2d00000, 0x00000000c2e00000, 0x00000000c2e00000|100%| O|  |TAMS 0x00000000c2e00000, 0x00000000c2d00000| Untracked 
|   4|0x00000000c2e00000, 0x00000000c2f00000, 0x00000000c2f00000|100%| O|  |TAMS 0x00000000c2f00000, 0x00000000c2e00000| Untracked 
|   5|0x00000000c2f00000, 0x00000000c3000000, 0x00000000c3000000|100%| O|  |TAMS 0x00000000c3000000, 0x00000000c2f00000| Untracked 
|   6|0x00000000c3000000, 0x00000000c3100000, 0x00000000c3100000|100%| O|  |TAMS 0x00000000c3100000, 0x00000000c3000000| Untracked 
|   7|0x00000000c3100000, 0x00000000c3200000, 0x00000000c3200000|100%| O|  |TAMS 0x00000000c3200000, 0x00000000c3100000| Untracked 
|   8|0x00000000c3200000, 0x00000000c3300000, 0x00000000c3300000|100%| O|  |TAMS 0x00000000c3300000, 0x00000000c3200000| Untracked 
|   9|0x00000000c3300000, 0x00000000c3400000, 0x00000000c3400000|100%| O|  |TAMS 0x00000000c3400000, 0x00000000c3300000| Untracked 
|  10|0x00000000c3400000, 0x00000000c3500000, 0x00000000c3500000|100%| O|  |TAMS 0x00000000c3500000, 0x00000000c3400000| Untracked 
|  11|0x00000000c3500000, 0x00000000c3600000, 0x00000000c3600000|100%| O|  |TAMS 0x00000000c3600000, 0x00000000c3500000| Untracked 
|  12|0x00000000c3600000, 0x00000000c3700000, 0x00000000c3700000|100%| O|  |TAMS 0x00000000c3700000, 0x00000000c3600000| Untracked 
|  13|0x00000000c3700000, 0x00000000c3800000, 0x00000000c3800000|100%| O|  |TAMS 0x00000000c3800000, 0x00000000c3700000| Untracked 
|  14|0x00000000c3800000, 0x00000000c3900000, 0x00000000c3900000|100%| O|  |TAMS 0x00000000c3900000, 0x00000000c3800000| Untracked 
|  15|0x00000000c3900000, 0x00000000c3a00000, 0x00000000c3a00000|100%| O|  |TAMS 0x00000000c3a00000, 0x00000000c3900000| Untracked 
|  16|0x00000000c3a00000, 0x00000000c3b00000, 0x00000000c3b00000|100%| O|  |TAMS 0x00000000c3b00000, 0x00000000c3a00000| Untracked 
|  17|0x00000000c3b00000, 0x00000000c3c00000, 0x00000000c3c00000|100%| O|  |TAMS 0x00000000c3c00000, 0x00000000c3b00000| Untracked 
|  18|0x00000000c3c00000, 0x00000000c3d00000, 0x00000000c3d00000|100%| O|  |TAMS 0x00000000c3d00000, 0x00000000c3c00000| Untracked 
|  19|0x00000000c3d00000, 0x00000000c3e00000, 0x00000000c3e00000|100%| O|  |TAMS 0x00000000c3e00000, 0x00000000c3d00000| Untracked 
|  20|0x00000000c3e00000, 0x00000000c3f00000, 0x00000000c3f00000|100%| O|  |TAMS 0x00000000c3f00000, 0x00000000c3e00000| Untracked 
|  21|0x00000000c3f00000, 0x00000000c4000000, 0x00000000c4000000|100%| O|  |TAMS 0x00000000c4000000, 0x00000000c3f00000| Untracked 
|  22|0x00000000c4000000, 0x00000000c4100000, 0x00000000c4100000|100%| O|  |TAMS 0x00000000c4100000, 0x00000000c4000000| Untracked 
|  23|0x00000000c4100000, 0x00000000c4200000, 0x00000000c4200000|100%| O|  |TAMS 0x00000000c4200000, 0x00000000c4100000| Untracked 
|  24|0x00000000c4200000, 0x00000000c4300000, 0x00000000c4300000|100%| O|  |TAMS 0x00000000c4300000, 0x00000000c4200000| Untracked 
|  25|0x00000000c4300000, 0x00000000c4400000, 0x00000000c4400000|100%| O|  |TAMS 0x00000000c4400000, 0x00000000c4300000| Untracked 
|  26|0x00000000c4400000, 0x00000000c4500000, 0x00000000c4500000|100%| O|  |TAMS 0x00000000c4500000, 0x00000000c4400000| Untracked 
|  27|0x00000000c4500000, 0x00000000c4600000, 0x00000000c4600000|100%| O|  |TAMS 0x00000000c4600000, 0x00000000c4500000| Untracked 
|  28|0x00000000c4600000, 0x00000000c4700000, 0x00000000c4700000|100%| O|  |TAMS 0x00000000c4700000, 0x00000000c4600000| Untracked 
|  29|0x00000000c4700000, 0x00000000c4800000, 0x00000000c4800000|100%| O|  |TAMS 0x00000000c4800000, 0x00000000c4700000| Untracked 
|  30|0x00000000c4800000, 0x00000000c4900000, 0x00000000c4900000|100%| O|  |TAMS 0x00000000c4900000, 0x00000000c4800000| Untracked 
|  31|0x00000000c4900000, 0x00000000c4a00000, 0x00000000c4a00000|100%| O|  |TAMS 0x00000000c4a00000, 0x00000000c4900000| Untracked 
|  32|0x00000000c4a00000, 0x00000000c4b00000, 0x00000000c4b00000|100%| O|  |TAMS 0x00000000c4a00000, 0x00000000c4a00000| Untracked 
|  33|0x00000000c4b00000, 0x00000000c4c00000, 0x00000000c4c00000|100%| O|  |TAMS 0x00000000c4c00000, 0x00000000c4b00000| Untracked 
|  34|0x00000000c4c00000, 0x00000000c4d00000, 0x00000000c4d00000|100%| O|  |TAMS 0x00000000c4d00000, 0x00000000c4c00000| Untracked 
|  35|0x00000000c4d00000, 0x00000000c4e00000, 0x00000000c4e00000|100%| O|  |TAMS 0x00000000c4d00000, 0x00000000c4d00000| Untracked 
|  36|0x00000000c4e00000, 0x00000000c4f00000, 0x00000000c4f00000|100%| O|  |TAMS 0x00000000c4e00000, 0x00000000c4e00000| Untracked 
|  37|0x00000000c4f00000, 0x00000000c5000000, 0x00000000c5000000|100%| O|  |TAMS 0x00000000c4f00000, 0x00000000c4f00000| Untracked 
|  38|0x00000000c5000000, 0x00000000c5100000, 0x00000000c5100000|100%| O|  |TAMS 0x00000000c5100000, 0x00000000c5000000| Untracked 
|  39|0x00000000c5100000, 0x00000000c5100000, 0x00000000c5200000|  0%| F|  |TAMS 0x00000000c5100000, 0x00000000c5100000| Untracked 
|  40|0x00000000c5200000, 0x00000000c5300000, 0x00000000c5300000|100%| O|  |TAMS 0x00000000c5200000, 0x00000000c5200000| Untracked 
|  41|0x00000000c5300000, 0x00000000c5400000, 0x00000000c5400000|100%| O|  |TAMS 0x00000000c5400000, 0x00000000c5300000| Untracked 
|  42|0x00000000c5400000, 0x00000000c5500000, 0x00000000c5500000|100%| O|  |TAMS 0x00000000c54f4000, 0x00000000c5400000| Untracked 
|  43|0x00000000c5500000, 0x00000000c5600000, 0x00000000c5600000|100%| O|  |TAMS 0x00000000c5500000, 0x00000000c5500000| Untracked 
|  44|0x00000000c5600000, 0x00000000c5700000, 0x00000000c5700000|100%| O|  |TAMS 0x00000000c5600000, 0x00000000c5600000| Untracked 
|  45|0x00000000c5700000, 0x00000000c5800000, 0x00000000c5800000|100%| O|  |TAMS 0x00000000c5700000, 0x00000000c5700000| Untracked 
|  46|0x00000000c5800000, 0x00000000c5900000, 0x00000000c5900000|100%| O|  |TAMS 0x00000000c5800000, 0x00000000c5800000| Untracked 
|  47|0x00000000c5900000, 0x00000000c5a00000, 0x00000000c5a00000|100%| O|  |TAMS 0x00000000c5900000, 0x00000000c5900000| Untracked 
|  48|0x00000000c5a00000, 0x00000000c5b00000, 0x00000000c5b00000|100%| O|  |TAMS 0x00000000c5a00000, 0x00000000c5a00000| Untracked 
|  49|0x00000000c5b00000, 0x00000000c5c00000, 0x00000000c5c00000|100%| O|  |TAMS 0x00000000c5b00000, 0x00000000c5b00000| Untracked 
|  50|0x00000000c5c00000, 0x00000000c5d00000, 0x00000000c5d00000|100%| O|  |TAMS 0x00000000c5c00000, 0x00000000c5c00000| Untracked 
|  51|0x00000000c5d00000, 0x00000000c5e00000, 0x00000000c5e00000|100%| O|  |TAMS 0x00000000c5d00000, 0x00000000c5d00000| Untracked 
|  52|0x00000000c5e00000, 0x00000000c5f00000, 0x00000000c5f00000|100%| O|  |TAMS 0x00000000c5e00000, 0x00000000c5e00000| Untracked 
|  53|0x00000000c5f00000, 0x00000000c6000000, 0x00000000c6000000|100%| O|  |TAMS 0x00000000c5f00000, 0x00000000c5f00000| Untracked 
|  54|0x00000000c6000000, 0x00000000c606d400, 0x00000000c6100000| 42%| O|  |TAMS 0x00000000c6000000, 0x00000000c6000000| Untracked 
|  55|0x00000000c6100000, 0x00000000c6100000, 0x00000000c6200000|  0%| F|  |TAMS 0x00000000c6100000, 0x00000000c6100000| Untracked 
|  56|0x00000000c6200000, 0x00000000c6200000, 0x00000000c6300000|  0%| F|  |TAMS 0x00000000c6200000, 0x00000000c6200000| Untracked 
|  57|0x00000000c6300000, 0x00000000c6300000, 0x00000000c6400000|  0%| F|  |TAMS 0x00000000c6300000, 0x00000000c6300000| Untracked 
|  58|0x00000000c6400000, 0x00000000c6400000, 0x00000000c6500000|  0%| F|  |TAMS 0x00000000c6400000, 0x00000000c6400000| Untracked 
|  59|0x00000000c6500000, 0x00000000c6500000, 0x00000000c6600000|  0%| F|  |TAMS 0x00000000c6500000, 0x00000000c6500000| Untracked 
|  60|0x00000000c6600000, 0x00000000c6600000, 0x00000000c6700000|  0%| F|  |TAMS 0x00000000c6600000, 0x00000000c6600000| Untracked 
|  61|0x00000000c6700000, 0x00000000c6700000, 0x00000000c6800000|  0%| F|  |TAMS 0x00000000c6700000, 0x00000000c6700000| Untracked 
|  62|0x00000000c6800000, 0x00000000c6800000, 0x00000000c6900000|  0%| F|  |TAMS 0x00000000c6800000, 0x00000000c6800000| Untracked 
|  63|0x00000000c6900000, 0x00000000c6900000, 0x00000000c6a00000|  0%| F|  |TAMS 0x00000000c6900000, 0x00000000c6900000| Untracked 
|  64|0x00000000c6a00000, 0x00000000c6a00000, 0x00000000c6b00000|  0%| F|  |TAMS 0x00000000c6a00000, 0x00000000c6a00000| Untracked 
|  65|0x00000000c6b00000, 0x00000000c6b00000, 0x00000000c6c00000|  0%| F|  |TAMS 0x00000000c6b00000, 0x00000000c6b00000| Untracked 
|  66|0x00000000c6c00000, 0x00000000c6c00000, 0x00000000c6d00000|  0%| F|  |TAMS 0x00000000c6c00000, 0x00000000c6c00000| Untracked 
|  67|0x00000000c6d00000, 0x00000000c6d00000, 0x00000000c6e00000|  0%| F|  |TAMS 0x00000000c6d00000, 0x00000000c6d00000| Untracked 
|  68|0x00000000c6e00000, 0x00000000c6e00000, 0x00000000c6f00000|  0%| F|  |TAMS 0x00000000c6e00000, 0x00000000c6e00000| Untracked 
|  69|0x00000000c6f00000, 0x00000000c6f00000, 0x00000000c7000000|  0%| F|  |TAMS 0x00000000c6f00000, 0x00000000c6f00000| Untracked 
|  70|0x00000000c7000000, 0x00000000c7000000, 0x00000000c7100000|  0%| F|  |TAMS 0x00000000c7000000, 0x00000000c7000000| Untracked 
|  71|0x00000000c7100000, 0x00000000c7100000, 0x00000000c7200000|  0%| F|  |TAMS 0x00000000c7100000, 0x00000000c7100000| Untracked 
|  72|0x00000000c7200000, 0x00000000c7200000, 0x00000000c7300000|  0%| F|  |TAMS 0x00000000c7200000, 0x00000000c7200000| Untracked 
|  73|0x00000000c7300000, 0x00000000c7300000, 0x00000000c7400000|  0%| F|  |TAMS 0x00000000c7300000, 0x00000000c7300000| Untracked 
|  74|0x00000000c7400000, 0x00000000c7400000, 0x00000000c7500000|  0%| F|  |TAMS 0x00000000c7400000, 0x00000000c7400000| Untracked 
|  75|0x00000000c7500000, 0x00000000c7500000, 0x00000000c7600000|  0%| F|  |TAMS 0x00000000c7500000, 0x00000000c7500000| Untracked 
|  76|0x00000000c7600000, 0x00000000c7600000, 0x00000000c7700000|  0%| F|  |TAMS 0x00000000c7600000, 0x00000000c7600000| Untracked 
|  77|0x00000000c7700000, 0x00000000c7700000, 0x00000000c7800000|  0%| F|  |TAMS 0x00000000c7700000, 0x00000000c7700000| Untracked 
|  78|0x00000000c7800000, 0x00000000c7800000, 0x00000000c7900000|  0%| F|  |TAMS 0x00000000c7800000, 0x00000000c7800000| Untracked 
|  79|0x00000000c7900000, 0x00000000c7900000, 0x00000000c7a00000|  0%| F|  |TAMS 0x00000000c7900000, 0x00000000c7900000| Untracked 
|  80|0x00000000c7a00000, 0x00000000c7a00000, 0x00000000c7b00000|  0%| F|  |TAMS 0x00000000c7a00000, 0x00000000c7a00000| Untracked 
|  81|0x00000000c7b00000, 0x00000000c7b00000, 0x00000000c7c00000|  0%| F|  |TAMS 0x00000000c7b00000, 0x00000000c7b00000| Untracked 
|  82|0x00000000c7c00000, 0x00000000c7c00000, 0x00000000c7d00000|  0%| F|  |TAMS 0x00000000c7c00000, 0x00000000c7c00000| Untracked 
|  83|0x00000000c7d00000, 0x00000000c7d00000, 0x00000000c7e00000|  0%| F|  |TAMS 0x00000000c7d00000, 0x00000000c7d00000| Untracked 
|  84|0x00000000c7e00000, 0x00000000c7e00000, 0x00000000c7f00000|  0%| F|  |TAMS 0x00000000c7e00000, 0x00000000c7e00000| Untracked 
|  85|0x00000000c7f00000, 0x00000000c7f00000, 0x00000000c8000000|  0%| F|  |TAMS 0x00000000c7f00000, 0x00000000c7f00000| Untracked 
|  86|0x00000000c8000000, 0x00000000c8000000, 0x00000000c8100000|  0%| F|  |TAMS 0x00000000c8000000, 0x00000000c8000000| Untracked 
|  87|0x00000000c8100000, 0x00000000c8100000, 0x00000000c8200000|  0%| F|  |TAMS 0x00000000c8100000, 0x00000000c8100000| Untracked 
|  88|0x00000000c8200000, 0x00000000c8200000, 0x00000000c8300000|  0%| F|  |TAMS 0x00000000c8200000, 0x00000000c8200000| Untracked 
|  89|0x00000000c8300000, 0x00000000c8300000, 0x00000000c8400000|  0%| F|  |TAMS 0x00000000c8300000, 0x00000000c8300000| Untracked 
|  90|0x00000000c8400000, 0x00000000c8400000, 0x00000000c8500000|  0%| F|  |TAMS 0x00000000c8400000, 0x00000000c8400000| Untracked 
|  91|0x00000000c8500000, 0x00000000c8500000, 0x00000000c8600000|  0%| F|  |TAMS 0x00000000c8500000, 0x00000000c8500000| Untracked 
|  92|0x00000000c8600000, 0x00000000c8600000, 0x00000000c8700000|  0%| F|  |TAMS 0x00000000c8600000, 0x00000000c8600000| Untracked 
|  93|0x00000000c8700000, 0x00000000c8700000, 0x00000000c8800000|  0%| F|  |TAMS 0x00000000c8700000, 0x00000000c8700000| Untracked 
|  94|0x00000000c8800000, 0x00000000c8800000, 0x00000000c8900000|  0%| F|  |TAMS 0x00000000c8800000, 0x00000000c8800000| Untracked 
|  95|0x00000000c8900000, 0x00000000c8900000, 0x00000000c8a00000|  0%| F|  |TAMS 0x00000000c8900000, 0x00000000c8900000| Untracked 
|  96|0x00000000c8a00000, 0x00000000c8a00000, 0x00000000c8b00000|  0%| F|  |TAMS 0x00000000c8a00000, 0x00000000c8a00000| Untracked 
|  97|0x00000000c8b00000, 0x00000000c8c00000, 0x00000000c8c00000|100%| S|CS|TAMS 0x00000000c8b00000, 0x00000000c8b00000| Complete 
|  98|0x00000000c8c00000, 0x00000000c8d00000, 0x00000000c8d00000|100%| S|CS|TAMS 0x00000000c8c00000, 0x00000000c8c00000| Complete 
|  99|0x00000000c8d00000, 0x00000000c8e00000, 0x00000000c8e00000|100%| S|CS|TAMS 0x00000000c8d00000, 0x00000000c8d00000| Complete 
| 100|0x00000000c8e00000, 0x00000000c8f00000, 0x00000000c8f00000|100%| S|CS|TAMS 0x00000000c8e00000, 0x00000000c8e00000| Complete 
| 101|0x00000000c8f00000, 0x00000000c9000000, 0x00000000c9000000|100%| S|CS|TAMS 0x00000000c8f00000, 0x00000000c8f00000| Complete 
| 102|0x00000000c9000000, 0x00000000c9100000, 0x00000000c9100000|100%| S|CS|TAMS 0x00000000c9000000, 0x00000000c9000000| Complete 
| 103|0x00000000c9100000, 0x00000000c9200000, 0x00000000c9200000|100%| S|CS|TAMS 0x00000000c9100000, 0x00000000c9100000| Complete 
| 104|0x00000000c9200000, 0x00000000c9300000, 0x00000000c9300000|100%| S|CS|TAMS 0x00000000c9200000, 0x00000000c9200000| Complete 
| 105|0x00000000c9300000, 0x00000000c9400000, 0x00000000c9400000|100%| S|CS|TAMS 0x00000000c9300000, 0x00000000c9300000| Complete 
| 106|0x00000000c9400000, 0x00000000c9400000, 0x00000000c9500000|  0%| F|  |TAMS 0x00000000c9400000, 0x00000000c9400000| Untracked 
| 107|0x00000000c9500000, 0x00000000c9500000, 0x00000000c9600000|  0%| F|  |TAMS 0x00000000c9500000, 0x00000000c9500000| Untracked 
| 108|0x00000000c9600000, 0x00000000c9600000, 0x00000000c9700000|  0%| F|  |TAMS 0x00000000c9600000, 0x00000000c9600000| Untracked 
| 109|0x00000000c9700000, 0x00000000c9700000, 0x00000000c9800000|  0%| F|  |TAMS 0x00000000c9700000, 0x00000000c9700000| Untracked 
| 110|0x00000000c9800000, 0x00000000c9800000, 0x00000000c9900000|  0%| F|  |TAMS 0x00000000c9800000, 0x00000000c9800000| Untracked 
| 111|0x00000000c9900000, 0x00000000c9900000, 0x00000000c9a00000|  0%| F|  |TAMS 0x00000000c9900000, 0x00000000c9900000| Untracked 
| 112|0x00000000c9a00000, 0x00000000c9a00000, 0x00000000c9b00000|  0%| F|  |TAMS 0x00000000c9a00000, 0x00000000c9a00000| Untracked 
| 113|0x00000000c9b00000, 0x00000000c9b00000, 0x00000000c9c00000|  0%| F|  |TAMS 0x00000000c9b00000, 0x00000000c9b00000| Untracked 
| 114|0x00000000c9c00000, 0x00000000c9c00000, 0x00000000c9d00000|  0%| F|  |TAMS 0x00000000c9c00000, 0x00000000c9c00000| Untracked 
| 115|0x00000000c9d00000, 0x00000000c9d00000, 0x00000000c9e00000|  0%| F|  |TAMS 0x00000000c9d00000, 0x00000000c9d00000| Untracked 
| 116|0x00000000c9e00000, 0x00000000c9e00000, 0x00000000c9f00000|  0%| F|  |TAMS 0x00000000c9e00000, 0x00000000c9e00000| Untracked 
| 117|0x00000000c9f00000, 0x00000000c9f00000, 0x00000000ca000000|  0%| F|  |TAMS 0x00000000c9f00000, 0x00000000c9f00000| Untracked 
| 118|0x00000000ca000000, 0x00000000ca000000, 0x00000000ca100000|  0%| F|  |TAMS 0x00000000ca000000, 0x00000000ca000000| Untracked 
| 119|0x00000000ca100000, 0x00000000ca100000, 0x00000000ca200000|  0%| F|  |TAMS 0x00000000ca100000, 0x00000000ca100000| Untracked 
| 120|0x00000000ca200000, 0x00000000ca200000, 0x00000000ca300000|  0%| F|  |TAMS 0x00000000ca200000, 0x00000000ca200000| Untracked 
| 121|0x00000000ca300000, 0x00000000ca300000, 0x00000000ca400000|  0%| F|  |TAMS 0x00000000ca300000, 0x00000000ca300000| Untracked 
| 122|0x00000000ca400000, 0x00000000ca400000, 0x00000000ca500000|  0%| F|  |TAMS 0x00000000ca400000, 0x00000000ca400000| Untracked 
| 123|0x00000000ca500000, 0x00000000ca500000, 0x00000000ca600000|  0%| F|  |TAMS 0x00000000ca500000, 0x00000000ca500000| Untracked 
| 124|0x00000000ca600000, 0x00000000ca681778, 0x00000000ca700000| 50%| E|  |TAMS 0x00000000ca600000, 0x00000000ca600000| Complete 
| 125|0x00000000ca700000, 0x00000000ca800000, 0x00000000ca800000|100%| E|CS|TAMS 0x00000000ca700000, 0x00000000ca700000| Complete 
| 126|0x00000000ca800000, 0x00000000ca900000, 0x00000000ca900000|100%| E|CS|TAMS 0x00000000ca800000, 0x00000000ca800000| Complete 
| 127|0x00000000ca900000, 0x00000000caa00000, 0x00000000caa00000|100%| E|CS|TAMS 0x00000000ca900000, 0x00000000ca900000| Complete 
| 128|0x00000000caa00000, 0x00000000cab00000, 0x00000000cab00000|100%| E|CS|TAMS 0x00000000caa00000, 0x00000000caa00000| Complete 
| 129|0x00000000cab00000, 0x00000000cac00000, 0x00000000cac00000|100%| E|CS|TAMS 0x00000000cab00000, 0x00000000cab00000| Complete 
| 130|0x00000000cac00000, 0x00000000cad00000, 0x00000000cad00000|100%| E|CS|TAMS 0x00000000cac00000, 0x00000000cac00000| Complete 
| 131|0x00000000cad00000, 0x00000000cae00000, 0x00000000cae00000|100%| E|CS|TAMS 0x00000000cad00000, 0x00000000cad00000| Complete 
| 132|0x00000000cae00000, 0x00000000caf00000, 0x00000000caf00000|100%| E|CS|TAMS 0x00000000cae00000, 0x00000000cae00000| Complete 
| 133|0x00000000caf00000, 0x00000000cb000000, 0x00000000cb000000|100%| E|CS|TAMS 0x00000000caf00000, 0x00000000caf00000| Complete 
| 134|0x00000000cb000000, 0x00000000cb100000, 0x00000000cb100000|100%| E|CS|TAMS 0x00000000cb000000, 0x00000000cb000000| Complete 
| 135|0x00000000cb100000, 0x00000000cb200000, 0x00000000cb200000|100%| E|CS|TAMS 0x00000000cb100000, 0x00000000cb100000| Complete 
| 136|0x00000000cb200000, 0x00000000cb300000, 0x00000000cb300000|100%| E|CS|TAMS 0x00000000cb200000, 0x00000000cb200000| Complete 
| 137|0x00000000cb300000, 0x00000000cb400000, 0x00000000cb400000|100%| E|CS|TAMS 0x00000000cb300000, 0x00000000cb300000| Complete 
| 138|0x00000000cb400000, 0x00000000cb500000, 0x00000000cb500000|100%| E|CS|TAMS 0x00000000cb400000, 0x00000000cb400000| Complete 
| 139|0x00000000cb500000, 0x00000000cb600000, 0x00000000cb600000|100%| E|CS|TAMS 0x00000000cb500000, 0x00000000cb500000| Complete 
| 140|0x00000000cb600000, 0x00000000cb700000, 0x00000000cb700000|100%| E|CS|TAMS 0x00000000cb600000, 0x00000000cb600000| Complete 
| 141|0x00000000cb700000, 0x00000000cb800000, 0x00000000cb800000|100%| E|CS|TAMS 0x00000000cb700000, 0x00000000cb700000| Complete 
| 142|0x00000000cb800000, 0x00000000cb900000, 0x00000000cb900000|100%| E|CS|TAMS 0x00000000cb800000, 0x00000000cb800000| Complete 
| 143|0x00000000cb900000, 0x00000000cba00000, 0x00000000cba00000|100%| E|CS|TAMS 0x00000000cb900000, 0x00000000cb900000| Complete 
| 144|0x00000000cba00000, 0x00000000cbb00000, 0x00000000cbb00000|100%| E|CS|TAMS 0x00000000cba00000, 0x00000000cba00000| Complete 
| 145|0x00000000cbb00000, 0x00000000cbc00000, 0x00000000cbc00000|100%| E|CS|TAMS 0x00000000cbb00000, 0x00000000cbb00000| Complete 
| 146|0x00000000cbc00000, 0x00000000cbd00000, 0x00000000cbd00000|100%| E|CS|TAMS 0x00000000cbc00000, 0x00000000cbc00000| Complete 
| 147|0x00000000cbd00000, 0x00000000cbe00000, 0x00000000cbe00000|100%| E|CS|TAMS 0x00000000cbd00000, 0x00000000cbd00000| Complete 
| 148|0x00000000cbe00000, 0x00000000cbf00000, 0x00000000cbf00000|100%| E|CS|TAMS 0x00000000cbe00000, 0x00000000cbe00000| Complete 
| 149|0x00000000cbf00000, 0x00000000cc000000, 0x00000000cc000000|100%| E|CS|TAMS 0x00000000cbf00000, 0x00000000cbf00000| Complete 
| 150|0x00000000cc000000, 0x00000000cc100000, 0x00000000cc100000|100%| E|CS|TAMS 0x00000000cc000000, 0x00000000cc000000| Complete 
| 151|0x00000000cc100000, 0x00000000cc200000, 0x00000000cc200000|100%| E|CS|TAMS 0x00000000cc100000, 0x00000000cc100000| Complete 
| 152|0x00000000cc200000, 0x00000000cc300000, 0x00000000cc300000|100%| E|CS|TAMS 0x00000000cc200000, 0x00000000cc200000| Complete 
| 153|0x00000000cc300000, 0x00000000cc400000, 0x00000000cc400000|100%| E|CS|TAMS 0x00000000cc300000, 0x00000000cc300000| Complete 
| 154|0x00000000cc400000, 0x00000000cc500000, 0x00000000cc500000|100%| E|CS|TAMS 0x00000000cc400000, 0x00000000cc400000| Complete 
| 155|0x00000000cc500000, 0x00000000cc600000, 0x00000000cc600000|100%| E|CS|TAMS 0x00000000cc500000, 0x00000000cc500000| Complete 
| 156|0x00000000cc600000, 0x00000000cc700000, 0x00000000cc700000|100%| E|CS|TAMS 0x00000000cc600000, 0x00000000cc600000| Complete 
| 157|0x00000000cc700000, 0x00000000cc800000, 0x00000000cc800000|100%| E|CS|TAMS 0x00000000cc700000, 0x00000000cc700000| Complete 
| 158|0x00000000cc800000, 0x00000000cc900000, 0x00000000cc900000|100%| E|CS|TAMS 0x00000000cc800000, 0x00000000cc800000| Complete 
| 159|0x00000000cc900000, 0x00000000cca00000, 0x00000000cca00000|100%| E|CS|TAMS 0x00000000cc900000, 0x00000000cc900000| Complete 
| 160|0x00000000cca00000, 0x00000000ccb00000, 0x00000000ccb00000|100%| E|CS|TAMS 0x00000000cca00000, 0x00000000cca00000| Complete 
| 161|0x00000000ccb00000, 0x00000000ccc00000, 0x00000000ccc00000|100%| E|CS|TAMS 0x00000000ccb00000, 0x00000000ccb00000| Complete 
| 162|0x00000000ccc00000, 0x00000000ccd00000, 0x00000000ccd00000|100%| E|CS|TAMS 0x00000000ccc00000, 0x00000000ccc00000| Complete 
| 163|0x00000000ccd00000, 0x00000000cce00000, 0x00000000cce00000|100%| E|CS|TAMS 0x00000000ccd00000, 0x00000000ccd00000| Complete 
| 164|0x00000000cce00000, 0x00000000ccf00000, 0x00000000ccf00000|100%| E|CS|TAMS 0x00000000cce00000, 0x00000000cce00000| Complete 
| 165|0x00000000ccf00000, 0x00000000cd000000, 0x00000000cd000000|100%| E|CS|TAMS 0x00000000ccf00000, 0x00000000ccf00000| Complete 
| 166|0x00000000cd000000, 0x00000000cd100000, 0x00000000cd100000|100%| E|CS|TAMS 0x00000000cd000000, 0x00000000cd000000| Complete 
| 167|0x00000000cd100000, 0x00000000cd200000, 0x00000000cd200000|100%| E|CS|TAMS 0x00000000cd100000, 0x00000000cd100000| Complete 
| 168|0x00000000cd200000, 0x00000000cd300000, 0x00000000cd300000|100%| E|CS|TAMS 0x00000000cd200000, 0x00000000cd200000| Complete 
| 169|0x00000000cd300000, 0x00000000cd400000, 0x00000000cd400000|100%| E|CS|TAMS 0x00000000cd300000, 0x00000000cd300000| Complete 

Card table byte_map: [0x000001e9ff0c0000,0x000001e9ff2b0000] _byte_map_base: 0x000001e9feaab000

Marking Bits (Prev, Next): (CMBitMap*) 0x000001e9fcfd2ec0, (CMBitMap*) 0x000001e9fcfd2e80
 Prev Bits: [0x000001e993530000, 0x000001e994488000)
 Next Bits: [0x000001e9925d0000, 0x000001e993528000)

Polling page: 0x000001e9fce10000

Metaspace:

Usage:
  Non-class:     62.28 MB used.
      Class:      9.41 MB used.
       Both:     71.69 MB used.

Virtual space:
  Non-class space:       64.00 MB reserved,      62.50 MB ( 98%) committed,  8 nodes.
      Class space:        1.00 GB reserved,       9.56 MB ( <1%) committed,  1 nodes.
             Both:        1.06 GB reserved,      72.06 MB (  7%) committed. 

Chunk freelists:
   Non-Class:  1.19 MB
       Class:  2.25 MB
        Both:  3.44 MB

MaxMetaspaceSize: unlimited
CompressedClassSpaceSize: 1.00 GB
Initial GC threshold: 21.00 MB
Current GC threshold: 108.56 MB
CDS: off
MetaspaceReclaimPolicy: balanced
 - commit_granule_bytes: 65536.
 - commit_granule_words: 8192.
 - virtual_space_node_default_size: 1048576.
 - enlarge_chunks_in_place: 1.
 - new_chunks_are_fully_committed: 0.
 - uncommit_free_chunks: 1.
 - use_allocation_guard: 0.
 - handle_deallocations: 1.


Internal statistics:

num_allocs_failed_limit: 9.
num_arena_births: 588.
num_arena_deaths: 0.
num_vsnodes_births: 9.
num_vsnodes_deaths: 0.
num_space_committed: 1153.
num_space_uncommitted: 0.
num_chunks_returned_to_freelist: 9.
num_chunks_taken_from_freelist: 3064.
num_chunk_merges: 6.
num_chunk_splits: 2138.
num_chunks_enlarged: 1644.
num_purges: 0.
num_inconsistent_stats: 0.

CodeHeap 'non-profiled nmethods': size=120000Kb used=5240Kb max_used=5240Kb free=114759Kb
 bounds [0x000001e98b0a0000, 0x000001e98b5c0000, 0x000001e9925d0000]
CodeHeap 'profiled nmethods': size=120000Kb used=13950Kb max_used=13950Kb free=106049Kb
 bounds [0x000001e983b70000, 0x000001e984920000, 0x000001e98b0a0000]
CodeHeap 'non-nmethods': size=5760Kb used=1296Kb max_used=1355Kb free=4463Kb
 bounds [0x000001e9835d0000, 0x000001e983840000, 0x000001e983b70000]
 total_blobs=7012 nmethods=6387 adapters=537
 compilation: enabled
              stopped_count=0, restarted_count=0
 full_count=0

Compilation events (20 events):
Event: 85.920 Thread 0x000001e9ffadd420 7174   !   3       jdk.proxy2.$Proxy7::annotationType (29 bytes)
Event: 85.921 Thread 0x000001e9ffadd420 nmethod 7174 0x000001e98490e690 code [0x000001e98490e860, 0x000001e98490ec38]
Event: 85.921 Thread 0x000001e9ffadd420 7175       3       java.util.regex.Matcher::group (112 bytes)
Event: 85.922 Thread 0x000001e9ffa76fa0 nmethod 7173 0x000001e98b5bdb10 code [0x000001e98b5bdca0, 0x000001e98b5bde98]
Event: 85.923 Thread 0x000001e9ffadd420 nmethod 7175 0x000001e98490ee10 code [0x000001e98490f0a0, 0x000001e98490fb68]
Event: 85.923 Thread 0x000001e9ffadd420 7176       3       org.junit.platform.commons.util.Preconditions::condition (22 bytes)
Event: 85.923 Thread 0x000001e9ffadd420 nmethod 7176 0x000001e98490ff90 code [0x000001e984910160, 0x000001e9849104f8]
Event: 85.923 Thread 0x000001e9ffadd420 7177       3       org.springframework.util.ClassUtils::isInnerClass (23 bytes)
Event: 85.924 Thread 0x000001e9ffadd420 nmethod 7177 0x000001e984910690 code [0x000001e984910880, 0x000001e984910d88]
Event: 85.927 Thread 0x000001e9ffadd420 7178       3       java.util.stream.StreamSpliterators$AbstractWrappingSpliterator::characteristics (49 bytes)
Event: 85.928 Thread 0x000001e9ffadd420 nmethod 7178 0x000001e984910f10 code [0x000001e984911100, 0x000001e9849117a8]
Event: 85.928 Thread 0x000001e9ffadd420 7179       3       java.util.stream.StreamOpFlag::toStreamFlags (12 bytes)
Event: 85.928 Thread 0x000001e9ffadd420 nmethod 7179 0x000001e983da8d90 code [0x000001e983da8f20, 0x000001e983da9018]
Event: 85.928 Thread 0x000001e9ffadd420 7180       3       java.util.stream.StreamOpFlag::toCharacteristics (6 bytes)
Event: 85.929 Thread 0x000001e9ffadd420 nmethod 7180 0x000001e983e16c10 code [0x000001e983e16da0, 0x000001e983e16e98]
Event: 86.019 Thread 0x000001e9ffa76fa0 7181   !   4       com.sun.beans.TypeResolver::resolve (261 bytes)
Event: 86.080 Thread 0x000001e9ffadd420 7182   !   3       jdk.internal.reflect.GeneratedConstructorAccessor7::newInstance (49 bytes)
Event: 86.081 Thread 0x000001e9ffadd420 nmethod 7182 0x000001e984911990 code [0x000001e984911b80, 0x000001e984912048]
Event: 86.199 Thread 0x000001e9ffadd420 7183       1       org.hibernate.type.AbstractStandardBasicType::isCollectionType (2 bytes)
Event: 86.199 Thread 0x000001e9ffadd420 nmethod 7183 0x000001e98b5be010 code [0x000001e98b5be1a0, 0x000001e98b5be278]

GC Heap History (20 events):
Event: 58.974 GC heap before
{Heap before GC invocations=28 (full 0):
 garbage-first heap   total 61440K, used 49595K [0x00000000c2a00000, 0x0000000100000000)
  region size 1024K, 21 young (21504K), 3 survivors (3072K)
 Metaspace       used 65938K, committed 66368K, reserved 1114112K
  class space    used 8622K, committed 8832K, reserved 1048576K
}
Event: 58.984 GC heap after
{Heap after GC invocations=29 (full 0):
 garbage-first heap   total 61440K, used 32649K [0x00000000c2a00000, 0x0000000100000000)
  region size 1024K, 2 young (2048K), 2 survivors (2048K)
 Metaspace       used 65938K, committed 66368K, reserved 1114112K
  class space    used 8622K, committed 8832K, reserved 1048576K
}
Event: 59.796 GC heap before
{Heap before GC invocations=29 (full 0):
 garbage-first heap   total 61440K, used 51081K [0x00000000c2a00000, 0x0000000100000000)
  region size 1024K, 19 young (19456K), 2 survivors (2048K)
 Metaspace       used 66090K, committed 66496K, reserved 1114112K
  class space    used 8631K, committed 8832K, reserved 1048576K
}
Event: 59.804 GC heap after
{Heap after GC invocations=30 (full 0):
 garbage-first heap   total 61440K, used 36506K [0x00000000c2a00000, 0x0000000100000000)
  region size 1024K, 3 young (3072K), 3 survivors (3072K)
 Metaspace       used 66090K, committed 66496K, reserved 1114112K
  class space    used 8631K, committed 8832K, reserved 1048576K
}
Event: 60.019 GC heap before
{Heap before GC invocations=30 (full 0):
 garbage-first heap   total 61440K, used 48794K [0x00000000c2a00000, 0x0000000100000000)
  region size 1024K, 16 young (16384K), 3 survivors (3072K)
 Metaspace       used 66114K, committed 66496K, reserved 1114112K
  class space    used 8631K, committed 8832K, reserved 1048576K
}
Event: 60.028 GC heap after
{Heap after GC invocations=31 (full 0):
 garbage-first heap   total 61440K, used 39310K [0x00000000c2a00000, 0x0000000100000000)
  region size 1024K, 2 young (2048K), 2 survivors (2048K)
 Metaspace       used 66114K, committed 66496K, reserved 1114112K
  class space    used 8631K, committed 8832K, reserved 1048576K
}
Event: 60.260 GC heap before
{Heap before GC invocations=31 (full 0):
 garbage-first heap   total 61440K, used 49550K [0x00000000c2a00000, 0x0000000100000000)
  region size 1024K, 12 young (12288K), 2 survivors (2048K)
 Metaspace       used 66177K, committed 66560K, reserved 1114112K
  class space    used 8634K, committed 8832K, reserved 1048576K
}
Event: 60.272 GC heap after
{Heap after GC invocations=32 (full 0):
 garbage-first heap   total 61440K, used 43807K [0x00000000c2a00000, 0x0000000100000000)
  region size 1024K, 2 young (2048K), 2 survivors (2048K)
 Metaspace       used 66177K, committed 66560K, reserved 1114112K
  class space    used 8634K, committed 8832K, reserved 1048576K
}
Event: 61.067 GC heap before
{Heap before GC invocations=33 (full 0):
 garbage-first heap   total 76800K, used 47903K [0x00000000c2a00000, 0x0000000100000000)
  region size 1024K, 6 young (6144K), 2 survivors (2048K)
 Metaspace       used 66249K, committed 66688K, reserved 1114112K
  class space    used 8644K, committed 8832K, reserved 1048576K
}
Event: 61.073 GC heap after
{Heap after GC invocations=34 (full 0):
 garbage-first heap   total 76800K, used 44711K [0x00000000c2a00000, 0x0000000100000000)
  region size 1024K, 1 young (1024K), 1 survivors (1024K)
 Metaspace       used 66249K, committed 66688K, reserved 1114112K
  class space    used 8644K, committed 8832K, reserved 1048576K
}
Event: 62.285 GC heap before
{Heap before GC invocations=34 (full 0):
 garbage-first heap   total 76800K, used 49831K [0x00000000c2a00000, 0x0000000100000000)
  region size 1024K, 7 young (7168K), 1 survivors (1024K)
 Metaspace       used 66251K, committed 66688K, reserved 1114112K
  class space    used 8644K, committed 8832K, reserved 1048576K
}
Event: 62.289 GC heap after
{Heap after GC invocations=35 (full 0):
 garbage-first heap   total 76800K, used 45362K [0x00000000c2a00000, 0x0000000100000000)
  region size 1024K, 2 young (2048K), 2 survivors (2048K)
 Metaspace       used 66251K, committed 66688K, reserved 1114112K
  class space    used 8644K, committed 8832K, reserved 1048576K
}
Event: 62.924 GC heap before
{Heap before GC invocations=36 (full 0):
 garbage-first heap   total 96256K, used 59698K [0x00000000c2a00000, 0x0000000100000000)
  region size 1024K, 15 young (15360K), 2 survivors (2048K)
 Metaspace       used 66257K, committed 66688K, reserved 1114112K
  class space    used 8644K, committed 8832K, reserved 1048576K
}
Event: 62.943 GC heap after
{Heap after GC invocations=37 (full 0):
 garbage-first heap   total 96256K, used 48503K [0x00000000c2a00000, 0x0000000100000000)
  region size 1024K, 2 young (2048K), 2 survivors (2048K)
 Metaspace       used 66257K, committed 66688K, reserved 1114112K
  class space    used 8644K, committed 8832K, reserved 1048576K
}
Event: 62.972 GC heap before
{Heap before GC invocations=37 (full 0):
 garbage-first heap   total 96256K, used 50551K [0x00000000c2a00000, 0x0000000100000000)
  region size 1024K, 4 young (4096K), 2 survivors (2048K)
 Metaspace       used 66257K, committed 66688K, reserved 1114112K
  class space    used 8644K, committed 8832K, reserved 1048576K
}
Event: 62.977 GC heap after
{Heap after GC invocations=38 (full 0):
 garbage-first heap   total 96256K, used 43515K [0x00000000c2a00000, 0x0000000100000000)
  region size 1024K, 1 young (1024K), 1 survivors (1024K)
 Metaspace       used 66257K, committed 66688K, reserved 1114112K
  class space    used 8644K, committed 8832K, reserved 1048576K
}
Event: 63.927 GC heap before
{Heap before GC invocations=38 (full 0):
 garbage-first heap   total 96256K, used 68091K [0x00000000c2a00000, 0x0000000100000000)
  region size 1024K, 26 young (26624K), 1 survivors (1024K)
 Metaspace       used 66282K, committed 66688K, reserved 1114112K
  class space    used 8644K, committed 8832K, reserved 1048576K
}
Event: 63.949 GC heap after
{Heap after GC invocations=39 (full 0):
 garbage-first heap   total 174080K, used 50390K [0x00000000c2a00000, 0x0000000100000000)
  region size 1024K, 4 young (4096K), 4 survivors (4096K)
 Metaspace       used 66282K, committed 66688K, reserved 1114112K
  class space    used 8644K, committed 8832K, reserved 1048576K
}
Event: 70.816 GC heap before
{Heap before GC invocations=39 (full 0):
 garbage-first heap   total 174080K, used 116950K [0x00000000c2a00000, 0x0000000100000000)
  region size 1024K, 68 young (69632K), 4 survivors (4096K)
 Metaspace       used 67487K, committed 67904K, reserved 1114112K
  class space    used 8769K, committed 8960K, reserved 1048576K
}
Event: 70.848 GC heap after
{Heap after GC invocations=40 (full 0):
 garbage-first heap   total 174080K, used 63925K [0x00000000c2a00000, 0x0000000100000000)
  region size 1024K, 9 young (9216K), 9 survivors (9216K)
 Metaspace       used 67487K, committed 67904K, reserved 1114112K
  class space    used 8769K, committed 8960K, reserved 1048576K
}

Deoptimization events (20 events):
Event: 84.774 Thread 0x000001e9fcfa28f0 Uncommon trap: trap_request=0xffffffc6 fr.pc=0x000001e98b0fc544 relative=0x0000000000000144
Event: 84.774 Thread 0x000001e9fcfa28f0 Uncommon trap: reason=bimorphic_or_optimized_type_check action=maybe_recompile pc=0x000001e98b0fc544 method=org.springframework.core.annotation.AnnotationsScanner.processMethodAnnotations(Ljava/lang/Object;ILjava/lang/reflect/Method;Lorg/springframework/c
Event: 84.774 Thread 0x000001e9fcfa28f0 DEOPT PACKING pc=0x000001e98b0fc544 sp=0x0000002861ffcc60
Event: 84.774 Thread 0x000001e9fcfa28f0 DEOPT UNPACKING pc=0x000001e98362239d sp=0x0000002861ffcbc8 mode 2
Event: 84.914 Thread 0x000001e9fcfa28f0 Uncommon trap: trap_request=0xffffff45 fr.pc=0x000001e98b0ffe4c relative=0x000000000000040c
Event: 84.914 Thread 0x000001e9fcfa28f0 Uncommon trap: reason=unstable_if action=reinterpret pc=0x000001e98b0ffe4c method=java.lang.Module.getLayer()Ljava/lang/ModuleLayer; @ 22 c2
Event: 84.914 Thread 0x000001e9fcfa28f0 DEOPT PACKING pc=0x000001e98b0ffe4c sp=0x0000002861ffd3e0
Event: 84.914 Thread 0x000001e9fcfa28f0 DEOPT UNPACKING pc=0x000001e98362239d sp=0x0000002861ffd2a8 mode 2
Event: 85.109 Thread 0x000001e9fcfa28f0 Uncommon trap: trap_request=0xffffffc6 fr.pc=0x000001e98b0fc544 relative=0x0000000000000144
Event: 85.109 Thread 0x000001e9fcfa28f0 Uncommon trap: reason=bimorphic_or_optimized_type_check action=maybe_recompile pc=0x000001e98b0fc544 method=org.springframework.core.annotation.AnnotationsScanner.processMethodAnnotations(Ljava/lang/Object;ILjava/lang/reflect/Method;Lorg/springframework/c
Event: 85.109 Thread 0x000001e9fcfa28f0 DEOPT PACKING pc=0x000001e98b0fc544 sp=0x0000002861ffce00
Event: 85.109 Thread 0x000001e9fcfa28f0 DEOPT UNPACKING pc=0x000001e98362239d sp=0x0000002861ffcd68 mode 2
Event: 85.152 Thread 0x000001e9fcfa28f0 Uncommon trap: trap_request=0xffffff45 fr.pc=0x000001e98b516054 relative=0x00000000000043b4
Event: 85.152 Thread 0x000001e9fcfa28f0 Uncommon trap: reason=unstable_if action=reinterpret pc=0x000001e98b516054 method=org.springframework.transaction.annotation.SpringTransactionAnnotationParser.parseTransactionAnnotation(Ljava/lang/reflect/AnnotatedElement;)Lorg/springframework/transaction
Event: 85.152 Thread 0x000001e9fcfa28f0 DEOPT PACKING pc=0x000001e98b516054 sp=0x0000002861ffbab0
Event: 85.152 Thread 0x000001e9fcfa28f0 DEOPT UNPACKING pc=0x000001e98362239d sp=0x0000002861ffba98 mode 2
Event: 85.912 Thread 0x000001e9fcfa28f0 Uncommon trap: trap_request=0xffffffc6 fr.pc=0x000001e98b0fc544 relative=0x0000000000000144
Event: 85.912 Thread 0x000001e9fcfa28f0 Uncommon trap: reason=bimorphic_or_optimized_type_check action=maybe_recompile pc=0x000001e98b0fc544 method=org.springframework.core.annotation.AnnotationsScanner.processMethodAnnotations(Ljava/lang/Object;ILjava/lang/reflect/Method;Lorg/springframework/c
Event: 85.912 Thread 0x000001e9fcfa28f0 DEOPT PACKING pc=0x000001e98b0fc544 sp=0x0000002861ffcc60
Event: 85.912 Thread 0x000001e9fcfa28f0 DEOPT UNPACKING pc=0x000001e98362239d sp=0x0000002861ffcbc8 mode 2

Classes unloaded (0 events):
No events

Classes redefined (0 events):
No events

Internal exceptions (20 events):
Event: 74.800 Thread 0x000001e9fcfa28f0 Exception <a 'java/lang/ClassNotFoundException'{0x00000000cbdb9a18}: org/springframework/beans/factory/AwareCustomizer> (0x00000000cbdb9a18) 
thrown [e:\jenkins\tmp\workspace\build\src\src\hotspot\share\classfile\systemDictionary.cpp, line 256]
Event: 74.806 Thread 0x000001e9fcfa28f0 Exception <a 'java/lang/ClassNotFoundException'{0x00000000cbdc1548}: org/springframework/beans/factory/InitializingBeanCustomizer> (0x00000000cbdc1548) 
thrown [e:\jenkins\tmp\workspace\build\src\src\hotspot\share\classfile\systemDictionary.cpp, line 256]
Event: 74.808 Thread 0x000001e9fcfa28f0 Exception <a 'java/lang/ClassNotFoundException'{0x00000000cbdc9890}: org/springframework/beans/factory/DisposableBeanCustomizer> (0x00000000cbdc9890) 
thrown [e:\jenkins\tmp\workspace\build\src\src\hotspot\share\classfile\systemDictionary.cpp, line 256]
Event: 74.849 Thread 0x000001e9fcfa28f0 Exception <a 'java/lang/ClassNotFoundException'{0x00000000cbdf1b78}: java/lang/ObjectCustomizer> (0x00000000cbdf1b78) 
thrown [e:\jenkins\tmp\workspace\build\src\src\hotspot\share\classfile\systemDictionary.cpp, line 256]
Event: 74.851 Thread 0x000001e9fcfa28f0 Exception <a 'java/lang/ClassNotFoundException'{0x00000000cbdfd388}: org/springframework/web/multipart/support/StandardServletMultipartResolverCustomizer> (0x00000000cbdfd388) 
thrown [e:\jenkins\tmp\workspace\build\src\src\hotspot\share\classfile\systemDictionary.cpp, line 256]
Event: 74.853 Thread 0x000001e9fcfa28f0 Exception <a 'java/lang/ClassNotFoundException'{0x00000000cbc0b000}: org/springframework/web/multipart/MultipartResolverCustomizer> (0x00000000cbc0b000) 
thrown [e:\jenkins\tmp\workspace\build\src\src\hotspot\share\classfile\systemDictionary.cpp, line 256]
Event: 75.128 Thread 0x000001e9fcfa28f0 Exception <a 'java/lang/ClassNotFoundException'{0x00000000cbbceef8}: java/lang/ObjectCustomizer> (0x00000000cbbceef8) 
thrown [e:\jenkins\tmp\workspace\build\src\src\hotspot\share\classfile\systemDictionary.cpp, line 256]
Event: 75.130 Thread 0x000001e9fcfa28f0 Exception <a 'java/lang/ClassNotFoundException'{0x00000000cbbd90a0}: org/projet/service/BookServiceTestCustomizer> (0x00000000cbbd90a0) 
thrown [e:\jenkins\tmp\workspace\build\src\src\hotspot\share\classfile\systemDictionary.cpp, line 256]
Event: 75.176 Thread 0x000001e9fcfa28f0 Exception <a 'java/lang/NoSuchMethodError'{0x00000000cba26f88}: 'java.lang.Object java.lang.invoke.DirectMethodHandle$Holder.newInvokeSpecial(java.lang.Object, java.lang.Object, java.lang.Object, java.lang.Object, int)'> (0x00000000cba26f88) 
thrown [e:\jenkins\tmp\workspace\build\src\src\hotspot\share\interpreter\linkResolver.cpp, line 766]
Event: 75.177 Thread 0x000001e9fcfa28f0 Exception <a 'java/lang/NoSuchMethodError'{0x00000000cba2b470}: 'java.lang.Object java.lang.invoke.DirectMethodHandle$Holder.invokeSpecial(java.lang.Object, java.lang.Object, java.lang.Object, java.lang.Object, java.lang.Object, int)'> (0x00000000cba2b470) 
thrown [e:\jenkins\tmp\workspace\build\src\src\hotspot\share\interpreter\linkResolver.cpp, line 766]
Event: 75.178 Thread 0x000001e9fcfa28f0 Exception <a 'java/lang/NoSuchMethodError'{0x00000000cba2f200}: 'java.lang.Object java.lang.invoke.Invokers$Holder.linkToTargetMethod(java.lang.Object, java.lang.Object, java.lang.Object, int, java.lang.Object)'> (0x00000000cba2f200) 
thrown [e:\jenkins\tmp\workspace\build\src\src\hotspot\share\interpreter\linkResolver.cpp, line 766]
Event: 77.164 Thread 0x000001e9fcfa28f0 Implicit null exception at 0x000001e98b329dc0 to 0x000001e98b32a700
Event: 77.165 Thread 0x000001e9fcfa28f0 Exception <a 'java/lang/ClassNotFoundException'{0x00000000cb4cc980}: java/lang/ClassLoader$ByteBuddyAccessor$P7Z4GDib> (0x00000000cb4cc980) 
thrown [e:\jenkins\tmp\workspace\build\src\src\hotspot\share\classfile\systemDictionary.cpp, line 256]
Event: 84.192 Thread 0x000001e9fcfa28f0 Exception <a 'java/lang/NoSuchMethodError'{0x00000000caa48048}: 'java.lang.Object java.lang.invoke.DirectMethodHandle$Holder.invokeStaticInit(java.lang.Object, java.lang.Object, java.lang.Object, java.lang.Object, java.lang.Object, java.lang.Object)'> (0x00000000caa48048) 
thrown [e:\jenkins\tmp\workspace\build\src\src\hotspot\share\interpreter\linkResolver.cpp, line 766]
Event: 84.319 Thread 0x000001e9fcfa28f0 Exception <a 'java/lang/reflect/InvocationTargetException'{0x00000000caad9db0}> (0x00000000caad9db0) 
thrown [e:\jenkins\tmp\workspace\build\src\src\hotspot\share\runtime\reflection.cpp, line 1121]
Event: 84.379 Thread 0x000001e9fcfa28f0 Exception <a 'java/lang/reflect/InvocationTargetException'{0x00000000caaffab8}> (0x00000000caaffab8) 
thrown [e:\jenkins\tmp\workspace\build\src\src\hotspot\share\runtime\reflection.cpp, line 1121]
Event: 85.905 Thread 0x000001e9fcfa28f0 Exception <a 'java/lang/reflect/InvocationTargetException'{0x00000000ca8e7cd0}> (0x00000000ca8e7cd0) 
thrown [e:\jenkins\tmp\workspace\build\src\src\hotspot\share\runtime\reflection.cpp, line 1121]
Event: 85.988 Thread 0x000001e9fcfa28f0 Exception <a 'java/lang/reflect/InvocationTargetException'{0x00000000ca73a740}> (0x00000000ca73a740) 
thrown [e:\jenkins\tmp\workspace\build\src\src\hotspot\share\runtime\reflection.cpp, line 1121]
Event: 86.019 Thread 0x000001e9fcfa28f0 Exception <a 'java/lang/ClassNotFoundException'{0x00000000ca74b240}: java/lang/ObjectCustomizer> (0x00000000ca74b240) 
thrown [e:\jenkins\tmp\workspace\build\src\src\hotspot\share\classfile\systemDictionary.cpp, line 256]
Event: 86.031 Thread 0x000001e9fcfa28f0 Exception <a 'java/lang/ClassNotFoundException'{0x00000000ca755c90}: org/projet/data/entity/BookRefEntityCustomizer> (0x00000000ca755c90) 
thrown [e:\jenkins\tmp\workspace\build\src\src\hotspot\share\classfile\systemDictionary.cpp, line 256]

VM Operations (20 events):
Event: 75.901 Executing VM operation: HandshakeAllThreads
Event: 75.901 Executing VM operation: HandshakeAllThreads done
Event: 76.711 Executing VM operation: HandshakeAllThreads
Event: 76.711 Executing VM operation: HandshakeAllThreads done
Event: 76.711 Executing VM operation: Cleanup
Event: 76.711 Executing VM operation: Cleanup done
Event: 77.720 Executing VM operation: Cleanup
Event: 77.721 Executing VM operation: Cleanup done
Event: 78.722 Executing VM operation: Cleanup
Event: 78.723 Executing VM operation: Cleanup done
Event: 79.733 Executing VM operation: Cleanup
Event: 79.734 Executing VM operation: Cleanup done
Event: 80.746 Executing VM operation: Cleanup
Event: 80.746 Executing VM operation: Cleanup done
Event: 84.777 Executing VM operation: Cleanup
Event: 84.778 Executing VM operation: Cleanup done
Event: 85.792 Executing VM operation: Cleanup
Event: 85.792 Executing VM operation: Cleanup done
Event: 86.016 Executing VM operation: HandshakeAllThreads
Event: 86.016 Executing VM operation: HandshakeAllThreads done

Events (20 events):
Event: 76.440 loading class sun/reflect/annotation/AnnotatedTypeFactory$AnnotatedArrayTypeImpl
Event: 76.441 loading class sun/reflect/annotation/AnnotatedTypeFactory$AnnotatedArrayTypeImpl done
Event: 76.526 loading class sun/net/www/protocol/jrt/JavaRuntimeURLConnection
Event: 76.527 loading class sun/net/www/protocol/jrt/JavaRuntimeURLConnection done
Event: 76.530 loading class sun/net/www/protocol/jrt/JavaRuntimeURLConnection$1
Event: 76.530 loading class sun/net/www/protocol/jrt/JavaRuntimeURLConnection$1 done
Event: 76.809 loading class jdk/internal/vm/annotation/ForceInline
Event: 76.812 loading class jdk/internal/vm/annotation/ForceInline done
Event: 77.164 loading class java/lang/ClassLoader$ByteBuddyAccessor$P7Z4GDib
Event: 77.164 loading class java/lang/ClassLoader$ByteBuddyAccessor$P7Z4GDib done
Event: 77.513 loading class java/io/FileWriter
Event: 77.515 loading class java/io/FileWriter done
Event: 84.906 loading class java/lang/Throwable$WrappedPrintWriter
Event: 84.908 loading class java/lang/Throwable$PrintStreamOrWriter
Event: 84.908 loading class java/lang/Throwable$PrintStreamOrWriter done
Event: 84.908 loading class java/lang/Throwable$WrappedPrintWriter done
Event: 86.018 loading class java/lang/ObjectCustomizer
Event: 86.018 loading class java/lang/ObjectCustomizer done
Event: 86.019 loading class java/lang/ObjectCustomizer
Event: 86.019 loading class java/lang/ObjectCustomizer done


Dynamic libraries:
0x00007ff6547f0000 - 0x00007ff6547fe000 	C:\Users\Maria Albarde\Downloads\sts-4.13.1.RELEASE\plugins\org.eclipse.justj.openjdk.hotspot.jre.full.win32.x86_64_17.0.1.v20211116-1657\jre\bin\javaw.exe
0x00007ff8f7390000 - 0x00007ff8f7585000 	C:\Windows\SYSTEM32\ntdll.dll
0x00007ff8f6590000 - 0x00007ff8f664e000 	C:\Windows\System32\KERNEL32.DLL
0x00007ff8f50c0000 - 0x00007ff8f5388000 	C:\Windows\System32\KERNELBASE.dll
0x00007ff8f4f10000 - 0x00007ff8f5010000 	C:\Windows\System32\ucrtbase.dll
0x00007ff8ecf50000 - 0x00007ff8ecf69000 	C:\Users\Maria Albarde\Downloads\sts-4.13.1.RELEASE\plugins\org.eclipse.justj.openjdk.hotspot.jre.full.win32.x86_64_17.0.1.v20211116-1657\jre\bin\VCRUNTIME140.dll
0x00007ff8ed890000 - 0x00007ff8ed8a8000 	C:\Users\Maria Albarde\Downloads\sts-4.13.1.RELEASE\plugins\org.eclipse.justj.openjdk.hotspot.jre.full.win32.x86_64_17.0.1.v20211116-1657\jre\bin\jli.dll
0x00007ff8f5560000 - 0x00007ff8f5700000 	C:\Windows\System32\USER32.dll
0x00007ff8dbd60000 - 0x00007ff8dbffa000 	C:\Windows\WinSxS\amd64_microsoft.windows.common-controls_6595b64144ccf1df_6.0.19041.1110_none_60b5254171f9507e\COMCTL32.dll
0x00007ff8f4bd0000 - 0x00007ff8f4bf2000 	C:\Windows\System32\win32u.dll
0x00007ff8f5530000 - 0x00007ff8f555b000 	C:\Windows\System32\GDI32.dll
0x00007ff8f4c00000 - 0x00007ff8f4d0d000 	C:\Windows\System32\gdi32full.dll
0x00007ff8f5490000 - 0x00007ff8f552e000 	C:\Windows\System32\msvcrt.dll
0x00007ff8f4d10000 - 0x00007ff8f4dad000 	C:\Windows\System32\msvcp_win.dll
0x00007ff8f5f30000 - 0x00007ff8f5f60000 	C:\Windows\System32\IMM32.DLL
0x00007ff8f0d10000 - 0x00007ff8f0d1c000 	C:\Users\Maria Albarde\Downloads\sts-4.13.1.RELEASE\plugins\org.eclipse.justj.openjdk.hotspot.jre.full.win32.x86_64_17.0.1.v20211116-1657\jre\bin\vcruntime140_1.dll
0x00007ff8c3b40000 - 0x00007ff8c3bd1000 	C:\Users\Maria Albarde\Downloads\sts-4.13.1.RELEASE\plugins\org.eclipse.justj.openjdk.hotspot.jre.full.win32.x86_64_17.0.1.v20211116-1657\jre\bin\msvcp140.dll
0x00007ff881d10000 - 0x00007ff882956000 	C:\Users\Maria Albarde\Downloads\sts-4.13.1.RELEASE\plugins\org.eclipse.justj.openjdk.hotspot.jre.full.win32.x86_64_17.0.1.v20211116-1657\jre\bin\server\jvm.dll
0x00007ff8f6ed0000 - 0x00007ff8f6f7e000 	C:\Windows\System32\ADVAPI32.dll
0x00007ff8f69b0000 - 0x00007ff8f6a4c000 	C:\Windows\System32\sechost.dll
0x00007ff8f71a0000 - 0x00007ff8f72c5000 	C:\Windows\System32\RPCRT4.dll
0x00007ff8f62e0000 - 0x00007ff8f62e8000 	C:\Windows\System32\PSAPI.DLL
0x00007ff8ec2b0000 - 0x00007ff8ec2ba000 	C:\Windows\SYSTEM32\VERSION.dll
0x00007ff8dc6b0000 - 0x00007ff8dc6b9000 	C:\Windows\SYSTEM32\WSOCK32.dll
0x00007ff8dc9d0000 - 0x00007ff8dc9f7000 	C:\Windows\SYSTEM32\WINMM.dll
0x00007ff8f61c0000 - 0x00007ff8f622b000 	C:\Windows\System32\WS2_32.dll
0x00007ff8f32e0000 - 0x00007ff8f32f2000 	C:\Windows\SYSTEM32\kernel.appcore.dll
0x00007ff8f0d70000 - 0x00007ff8f0d7a000 	C:\Users\Maria Albarde\Downloads\sts-4.13.1.RELEASE\plugins\org.eclipse.justj.openjdk.hotspot.jre.full.win32.x86_64_17.0.1.v20211116-1657\jre\bin\jimage.dll
0x00007ff8f3010000 - 0x00007ff8f31f4000 	C:\Windows\SYSTEM32\DBGHELP.DLL
0x00007ff8ef330000 - 0x00007ff8ef35c000 	C:\Windows\SYSTEM32\dbgcore.DLL
0x00007ff8f4b40000 - 0x00007ff8f4bc2000 	C:\Windows\System32\bcryptPrimitives.dll
0x00007ff8ed070000 - 0x00007ff8ed095000 	C:\Users\Maria Albarde\Downloads\sts-4.13.1.RELEASE\plugins\org.eclipse.justj.openjdk.hotspot.jre.full.win32.x86_64_17.0.1.v20211116-1657\jre\bin\java.dll
0x00007ff8ed050000 - 0x00007ff8ed068000 	C:\Users\Maria Albarde\Downloads\sts-4.13.1.RELEASE\plugins\org.eclipse.justj.openjdk.hotspot.jre.full.win32.x86_64_17.0.1.v20211116-1657\jre\bin\zip.dll
0x00007ff8f5700000 - 0x00007ff8f5e44000 	C:\Windows\System32\SHELL32.dll
0x00007ff8f27a0000 - 0x00007ff8f2f34000 	C:\Windows\SYSTEM32\windows.storage.dll
0x00007ff8f6650000 - 0x00007ff8f69a5000 	C:\Windows\System32\combase.dll
0x00007ff8f4340000 - 0x00007ff8f436e000 	C:\Windows\SYSTEM32\Wldp.dll
0x00007ff8f6230000 - 0x00007ff8f62dd000 	C:\Windows\System32\SHCORE.dll
0x00007ff8f6030000 - 0x00007ff8f6085000 	C:\Windows\System32\shlwapi.dll
0x00007ff8f49e0000 - 0x00007ff8f49ff000 	C:\Windows\SYSTEM32\profapi.dll
0x00007ff8e5d60000 - 0x00007ff8e5d79000 	C:\Users\Maria Albarde\Downloads\sts-4.13.1.RELEASE\plugins\org.eclipse.justj.openjdk.hotspot.jre.full.win32.x86_64_17.0.1.v20211116-1657\jre\bin\net.dll
0x00007ff8e4ac0000 - 0x00007ff8e4bcc000 	C:\Windows\SYSTEM32\WINHTTP.dll
0x00007ff8f4120000 - 0x00007ff8f418a000 	C:\Windows\system32\mswsock.dll
0x00007ff8e59b0000 - 0x00007ff8e59c5000 	C:\Users\Maria Albarde\Downloads\sts-4.13.1.RELEASE\plugins\org.eclipse.justj.openjdk.hotspot.jre.full.win32.x86_64_17.0.1.v20211116-1657\jre\bin\nio.dll
0x00007ff8f3e30000 - 0x00007ff8f3e6b000 	C:\Windows\SYSTEM32\IPHLPAPI.DLL
0x00007ff8f70a0000 - 0x00007ff8f70a8000 	C:\Windows\System32\NSI.dll
0x00007ff8eb8b0000 - 0x00007ff8eb8c7000 	C:\Windows\SYSTEM32\dhcpcsvc6.DLL
0x00007ff8eb890000 - 0x00007ff8eb8ad000 	C:\Windows\SYSTEM32\dhcpcsvc.DLL
0x00007ff8f3e70000 - 0x00007ff8f3f3b000 	C:\Windows\SYSTEM32\DNSAPI.dll
0x00007ff8ed6a0000 - 0x00007ff8ed6b0000 	C:\Users\Maria Albarde\Downloads\sts-4.13.1.RELEASE\plugins\org.eclipse.justj.openjdk.hotspot.jre.full.win32.x86_64_17.0.1.v20211116-1657\jre\bin\verify.dll
0x00007ff8ed6d0000 - 0x00007ff8ed6d9000 	C:\Users\Maria Albarde\Downloads\sts-4.13.1.RELEASE\plugins\org.eclipse.justj.openjdk.hotspot.jre.full.win32.x86_64_17.0.1.v20211116-1657\jre\bin\management.dll
0x00007ff8ed100000 - 0x00007ff8ed10b000 	C:\Users\Maria Albarde\Downloads\sts-4.13.1.RELEASE\plugins\org.eclipse.justj.openjdk.hotspot.jre.full.win32.x86_64_17.0.1.v20211116-1657\jre\bin\management_ext.dll
0x00007ff8de3d0000 - 0x00007ff8de3e7000 	C:\Windows\system32\napinsp.dll
0x00007ff8d2b30000 - 0x00007ff8d2b4b000 	C:\Windows\system32\pnrpnsp.dll
0x00007ff8d3b80000 - 0x00007ff8d3b95000 	C:\Windows\system32\wshbth.dll
0x00007ff8ef100000 - 0x00007ff8ef11d000 	C:\Windows\system32\NLAapi.dll
0x00007ff8d1220000 - 0x00007ff8d1232000 	C:\Windows\System32\winrnr.dll
0x00007ff8e42b0000 - 0x00007ff8e42ba000 	C:\Windows\System32\rasadhlp.dll
0x00007ff8e4860000 - 0x00007ff8e48df000 	C:\Windows\System32\fwpuclnt.dll
0x00007ff8f4b10000 - 0x00007ff8f4b37000 	C:\Windows\System32\bcrypt.dll
0x00007ff8f4380000 - 0x00007ff8f4398000 	C:\Windows\SYSTEM32\CRYPTSP.dll
0x00007ff8f3ac0000 - 0x00007ff8f3af4000 	C:\Windows\system32\rsaenh.dll
0x00007ff8f49a0000 - 0x00007ff8f49ce000 	C:\Windows\SYSTEM32\USERENV.dll
0x00007ff8f42b0000 - 0x00007ff8f42bc000 	C:\Windows\SYSTEM32\CRYPTBASE.dll

dbghelp: loaded successfully - version: 4.0.5 - missing functions: none
symbol engine: initialized successfully - sym options: 0x614 - pdb path: .;C:\Users\Maria Albarde\Downloads\sts-4.13.1.RELEASE\plugins\org.eclipse.justj.openjdk.hotspot.jre.full.win32.x86_64_17.0.1.v20211116-1657\jre\bin;C:\Windows\SYSTEM32;C:\Windows\WinSxS\amd64_microsoft.windows.common-controls_6595b64144ccf1df_6.0.19041.1110_none_60b5254171f9507e;C:\Users\Maria Albarde\Downloads\sts-4.13.1.RELEASE\plugins\org.eclipse.justj.openjdk.hotspot.jre.full.win32.x86_64_17.0.1.v20211116-1657\jre\bin\server

VM Arguments:
jvm_args: -ea -Dfile.encoding=UTF-8 -XX:+ShowCodeDetailsInExceptionMessages 
java_command: org.eclipse.jdt.internal.junit.runner.RemoteTestRunner -version 3 -port 57807 -testLoaderClass org.eclipse.jdt.internal.junit5.runner.JUnit5TestLoader -loaderpluginname org.eclipse.jdt.junit5.runtime -classNames org.projet.service.BookServiceTest
java_class_path (initial): C:\Users\Maria Albarde\Desktop\Mediatheque\mediat\target\test-classes;C:\Users\Maria Albarde\Desktop\Mediatheque\mediat\target\classes;C:\Users\Maria Albarde\.m2\repository\org\springframework\boot\spring-boot-starter-data-jpa\2.6.4\spring-boot-starter-data-jpa-2.6.4.jar;C:\Users\Maria Albarde\.m2\repository\org\springframework\boot\spring-boot-starter-aop\2.6.4\spring-boot-starter-aop-2.6.4.jar;C:\Users\Maria Albarde\.m2\repository\org\aspectj\aspectjweaver\1.9.7\aspectjweaver-1.9.7.jar;C:\Users\Maria Albarde\.m2\repository\org\springframework\boot\spring-boot-starter-jdbc\2.6.4\spring-boot-starter-jdbc-2.6.4.jar;C:\Users\Maria Albarde\.m2\repository\com\zaxxer\HikariCP\4.0.3\HikariCP-4.0.3.jar;C:\Users\Maria Albarde\.m2\repository\org\springframework\spring-jdbc\5.3.16\spring-jdbc-5.3.16.jar;C:\Users\Maria Albarde\.m2\repository\jakarta\transaction\jakarta.transaction-api\1.3.3\jakarta.transaction-api-1.3.3.jar;C:\Users\Maria Albarde\.m2\repository\jakarta\persistence\jakarta.persistence-api\2.2.3\jakarta.persistence-api-2.2.3.jar;C:\Users\Maria Albarde\.m2\repository\org\hibernate\hibernate-core\5.6.5.Final\hibernate-core-5.6.5.Final.jar;C:\Users\Maria Albarde\.m2\repository\org\jboss\logging\jboss-logging\3.4.3.Final\jboss-logging-3.4.3.Final.jar;C:\Users\Maria Albarde\.m2\repository\net\bytebuddy\byte-buddy\1.11.22\byte-buddy-1.11.22.jar;C:\Users\Maria Albarde\.m2\repository\antlr\antlr\2.7.7\antlr-2.7.7.jar;C:\Users\Maria Albarde\.m2\repository\org\jboss\jandex\2.4.2.Final\jandex-2.4.2.Final.jar;C:\Users\Maria Albarde\.m2\repository\com\fasterxml\classmate\1.5.1\classmate-1.5.1.jar;C:\Users\Maria Albarde\.m2\repository\org\hibernate\common\hibernate-commons-annotations\5.1.2.Final\hibernate-commons-annotations-5.1.2.Final.jar;C:\Users\Maria Albarde\.m2\repository\org\glassfish\jaxb\jaxb-runtime\2.3.6\jaxb-runtime-2.3.6.jar;C:\Users\Maria Albarde\.m2\repository\org\glassfish\jaxb\txw2\2.3.6\txw2-2.3.6.jar;C:\Users
Launcher Type: SUN_STANDARD

[Global flags]
     intx CICompilerCount                          = 3                                         {product} {ergonomic}
     uint ConcGCThreads                            = 1                                         {product} {ergonomic}
     uint G1ConcRefinementThreads                  = 4                                         {product} {ergonomic}
   size_t G1HeapRegionSize                         = 1048576                                   {product} {ergonomic}
    uintx GCDrainStackTargetSize                   = 64                                        {product} {ergonomic}
   size_t InitialHeapSize                          = 65011712                                  {product} {ergonomic}
   size_t MarkStackSize                            = 4194304                                   {product} {ergonomic}
   size_t MaxHeapSize                              = 1029701632                                {product} {ergonomic}
   size_t MaxNewSize                               = 617611264                                 {product} {ergonomic}
   size_t MinHeapDeltaBytes                        = 1048576                                   {product} {ergonomic}
   size_t MinHeapSize                              = 8388608                                   {product} {ergonomic}
    uintx NonNMethodCodeHeapSize                   = 5832780                                {pd product} {ergonomic}
    uintx NonProfiledCodeHeapSize                  = 122912730                              {pd product} {ergonomic}
    uintx ProfiledCodeHeapSize                     = 122912730                              {pd product} {ergonomic}
    uintx ReservedCodeCacheSize                    = 251658240                              {pd product} {ergonomic}
     bool SegmentedCodeCache                       = true                                      {product} {ergonomic}
     bool ShowCodeDetailsInExceptionMessages       = true                                   {manageable} {command line}
   size_t SoftMaxHeapSize                          = 1029701632                             {manageable} {ergonomic}
     bool UseCompressedClassPointers               = true                           {product lp64_product} {ergonomic}
     bool UseCompressedOops                        = true                           {product lp64_product} {ergonomic}
     bool UseG1GC                                  = true                                      {product} {ergonomic}
     bool UseLargePagesIndividualAllocation        = false                                  {pd product} {ergonomic}

Logging:
Log output configuration:
 #0: stdout all=warning uptime,level,tags
 #1: stderr all=off uptime,level,tags

Environment Variables:
JAVA_HOME=C:\Program Files (x86)\Java\jdk-11.0.13_windows-x64_bin\jdk-11.0.13
PATH=C:/Users/Maria Albarde/Downloads/sts-4.13.1.RELEASE//plugins/org.eclipse.justj.openjdk.hotspot.jre.full.win32.x86_64_17.0.1.v20211116-1657/jre/bin/server;C:/Users/Maria Albarde/Downloads/sts-4.13.1.RELEASE//plugins/org.eclipse.justj.openjdk.hotspot.jre.full.win32.x86_64_17.0.1.v20211116-1657/jre/bin;C:\Program Files (x86)\Common Files\Oracle\Java\javapath;C:\Windows\system32;C:\Windows;C:\Windows\System32\Wbem;C:\Windows\System32\WindowsPowerShell\v1.0\;C:\Windows\System32\OpenSSH\;C:\Program Files\Git\cmd;C:\Program Files\nodejs\;C:\Program Files\Docker\Docker\resources\bin;C:\ProgramData\DockerDesktop\version-bin;C:\Users\Maria Albarde\AppData\Local\Microsoft\WindowsApps;C:\Users\Maria Albarde\AppData\Local\Programs\Microsoft VS Code\bin;C:\Users\Maria Albarde\AppData\Roaming\npm;;C:\Users\Maria Albarde\Downloads\sts-4.13.1.RELEASE;
USERNAME=Maria Albarde
OS=Windows_NT
PROCESSOR_IDENTIFIER=Intel64 Family 6 Model 122 Stepping 1, GenuineIntel



---------------  S Y S T E M  ---------------

OS:
 Windows 10 , 64 bit Build 19041 (10.0.19041.1503)
OS uptime: 1 days 7:19 hours
Hyper-V role detected

CPU: total 4 (initial active 4) (4 cores per cpu, 1 threads per core) family 6 model 122 stepping 1 microcode 0x2e, cx8, cmov, fxsr, mmx, 3dnowpref, sse, sse2, sse3, ssse3, sse4.1, sse4.2, popcnt, tsc, tscinvbit, aes, erms, clmul, sha, clflush, clflushopt, hv

Memory: 4k page, system-wide physical 3920M (183M free)
TotalPageFile size 11296M (AvailPageFile size 0M)
current process WorkingSet (physical memory assigned to process): 186M, peak: 299M
current process commit charge ("private bytes"): 380M, peak: 382M

vm_info: OpenJDK 64-Bit Server VM (17.0.1+12) for windows-amd64 JRE (17.0.1+12), built on Oct 20 2021 07:42:55 by "" with MS VC++ 16.7 (VS2019)

END.
